
========================[ Apr 22, 2013  1:48 PM ]========================
Version 2.2.21 [Jun-14-2009]
Started database file "bacteriocinIv2.db"
Formatted 158 sequences in volume 0
SUCCESS: formatted database bacteriocinIv2.db

========================[ Apr 22, 2013  1:48 PM ]========================
Version 2.2.21 [Jun-14-2009]
Started database file "bacteriocinIIv2.db"
Formatted 241 sequences in volume 0
SUCCESS: formatted database bacteriocinIIv2.db

========================[ Apr 22, 2013  1:48 PM ]========================
Version 2.2.21 [Jun-14-2009]
Started database file "bacteriocinIIIv2.db"
Formatted 93 sequences in volume 0
SUCCESS: formatted database bacteriocinIIIv2.db

========================[ Apr 22, 2013  1:48 PM ]========================
Version 2.2.21 [Jun-14-2009]
Started database file "all_context.db"
Formatted 769 sequences in volume 0
SUCCESS: formatted database all_context.db

========================[ Apr 22, 2013  2:01 PM ]========================
Version 2.2.21 [Jun-14-2009]
Started database file "bacteriocinIv2.db"
Formatted 158 sequences in volume 0
SUCCESS: formatted database bacteriocinIv2.db

========================[ Apr 22, 2013  2:01 PM ]========================
Version 2.2.21 [Jun-14-2009]
Started database file "bacteriocinIIv2.db"
Formatted 241 sequences in volume 0
SUCCESS: formatted database bacteriocinIIv2.db

========================[ Apr 22, 2013  2:01 PM ]========================
Version 2.2.21 [Jun-14-2009]
Started database file "bacteriocinIIIv2.db"
Formatted 93 sequences in volume 0
SUCCESS: formatted database bacteriocinIIIv2.db

========================[ Apr 22, 2013  2:01 PM ]========================
Version 2.2.21 [Jun-14-2009]
Started database file "all_context.db"
Formatted 769 sequences in volume 0
SUCCESS: formatted database all_context.db

========================[ Apr 22, 2013  2:02 PM ]========================
Version 2.2.21 [Jun-14-2009]
Started database file "bacteriocinIv2.db"
Formatted 158 sequences in volume 0
SUCCESS: formatted database bacteriocinIv2.db

========================[ Apr 22, 2013  2:02 PM ]========================
Version 2.2.21 [Jun-14-2009]
Started database file "bacteriocinIIv2.db"
Formatted 47 sequences in volume 0
SUCCESS: formatted database bacteriocinIIv2.db

========================[ Apr 22, 2013  2:02 PM ]========================
Version 2.2.21 [Jun-14-2009]
Started database file "bacteriocinIIIv2.db"
Formatted 93 sequences in volume 0
SUCCESS: formatted database bacteriocinIIIv2.db

========================[ Apr 22, 2013  2:02 PM ]========================
Version 2.2.21 [Jun-14-2009]
Started database file "all_context.db"
Formatted 769 sequences in volume 0
SUCCESS: formatted database all_context.db

========================[ Apr 22, 2013  2:07 PM ]========================
Version 2.2.21 [Jun-14-2009]
Started database file "bacteriocinIv2.db"
Formatted 158 sequences in volume 0
SUCCESS: formatted database bacteriocinIv2.db

========================[ Apr 22, 2013  2:07 PM ]========================
Version 2.2.21 [Jun-14-2009]
Started database file "bacteriocinIIv2.db"
Formatted 47 sequences in volume 0
SUCCESS: formatted database bacteriocinIIv2.db

========================[ Apr 22, 2013  2:07 PM ]========================
Version 2.2.21 [Jun-14-2009]
Started database file "bacteriocinIIIv2.db"
Formatted 93 sequences in volume 0
SUCCESS: formatted database bacteriocinIIIv2.db

========================[ Apr 22, 2013  2:07 PM ]========================
Version 2.2.21 [Jun-14-2009]
Started database file "all_context.db"
Formatted 769 sequences in volume 0
SUCCESS: formatted database all_context.db

========================[ Apr 22, 2013  2:24 PM ]========================
Version 2.2.21 [Jun-14-2009]
Started database file "bacteriocinIv2.db"
Formatted 158 sequences in volume 0
SUCCESS: formatted database bacteriocinIv2.db

========================[ Apr 22, 2013  2:24 PM ]========================
Version 2.2.21 [Jun-14-2009]
Started database file "bacteriocinIIv2.db"
Formatted 47 sequences in volume 0
SUCCESS: formatted database bacteriocinIIv2.db

========================[ Apr 22, 2013  2:24 PM ]========================
Version 2.2.21 [Jun-14-2009]
Started database file "bacteriocinIIIv2.db"
Formatted 93 sequences in volume 0
SUCCESS: formatted database bacteriocinIIIv2.db

========================[ Apr 22, 2013  2:24 PM ]========================
Version 2.2.21 [Jun-14-2009]
Started database file "all_context.db"
Formatted 769 sequences in volume 0
SUCCESS: formatted database all_context.db

========================[ Apr 22, 2013  2:27 PM ]========================
Version 2.2.21 [Jun-14-2009]
Started database file "bacteriocinIv2.db"
Formatted 158 sequences in volume 0
SUCCESS: formatted database bacteriocinIv2.db

========================[ Apr 22, 2013  2:27 PM ]========================
Version 2.2.21 [Jun-14-2009]
Started database file "bacteriocinIIv2.db"
Formatted 228 sequences in volume 0
SUCCESS: formatted database bacteriocinIIv2.db

========================[ Apr 22, 2013  2:27 PM ]========================
Version 2.2.21 [Jun-14-2009]
Started database file "bacteriocinIIIv2.db"
Formatted 93 sequences in volume 0
SUCCESS: formatted database bacteriocinIIIv2.db

========================[ Apr 22, 2013  2:27 PM ]========================
Version 2.2.21 [Jun-14-2009]
Started database file "all_context.db"
Formatted 769 sequences in volume 0
SUCCESS: formatted database all_context.db

========================[ Sep 4, 2015  2:00 PM ]========================
Version 2.2.26 [Sep-21-2011]
Started database file "bacteriocinIv2.db"
Formatted 158 sequences in volume 0
SUCCESS: formatted database bacteriocinIv2.db

========================[ Sep 4, 2015  2:00 PM ]========================
Version 2.2.26 [Sep-21-2011]
Started database file "bacteriocinIIv2.db"
Formatted 229 sequences in volume 0
SUCCESS: formatted database bacteriocinIIv2.db

========================[ Sep 4, 2015  2:00 PM ]========================
Version 2.2.26 [Sep-21-2011]
Started database file "bacteriocinIIIv2.db"
Formatted 93 sequences in volume 0
SUCCESS: formatted database bacteriocinIIIv2.db

========================[ Sep 4, 2015  2:00 PM ]========================
Version 2.2.26 [Sep-21-2011]
Started database file "all_context.db"
Formatted 769 sequences in volume 0
SUCCESS: formatted database all_context.db

========================[ Jul 4, 2016 12:46 PM ]========================
Version 2.2.26 [Sep-21-2011]
Started database file "bacteriocinIv2.db"
Formatted 169 sequences in volume 0
SUCCESS: formatted database bacteriocinIv2.db

========================[ Jul 4, 2016 12:46 PM ]========================
Version 2.2.26 [Sep-21-2011]
Started database file "bacteriocinIIv2.db"
Formatted 229 sequences in volume 0
SUCCESS: formatted database bacteriocinIIv2.db

========================[ Jul 4, 2016 12:46 PM ]========================
Version 2.2.26 [Sep-21-2011]
Started database file "bacteriocinIIIv2.db"
Formatted 93 sequences in volume 0
SUCCESS: formatted database bacteriocinIIIv2.db

========================[ Jul 4, 2016 12:46 PM ]========================
Version 2.2.26 [Sep-21-2011]
Started database file "all_context.db"
Formatted 769 sequences in volume 0
SUCCESS: formatted database all_context.db
